time="2021-12-22T18:08:10+10:00" level=info msg="create router" func="main.main()" file="main.go:21"
time="2021-12-22T18:08:10+10:00" level=info msg="get config" func="main.main()" file="main.go:24"
time="2021-12-22T18:08:10+10:00" level=info msg="read application configuration" func="m31/internal/config.GetConfig.func1()" file="config.go:35"
time="2021-12-22T18:08:10+10:00" level=info msg="connection to mongodb" func="main.main()" file="main.go:27"
time="2021-12-22T18:08:11+10:00" level=info msg="create app" func="main.main()" file="main.go:33"
time="2021-12-22T18:08:11+10:00" level=info msg="run app one. addr: %v" func="main.main()" file="main.go:40"
time="2021-12-22T18:09:00+10:00" level=info msg="create router" func="main.main()" file="main.go:16"
time="2021-12-22T18:09:00+10:00" level=info msg="get config" func="main.main()" file="main.go:19"
time="2021-12-22T18:09:00+10:00" level=info msg="read application configuration" func="m31/internal/config.GetConfig.func1()" file="config.go:35"
time="2021-12-22T18:09:00+10:00" level=info msg="connection to mongodb" func="main.main()" file="main.go:22"
time="2021-12-22T18:09:00+10:00" level=info msg="create app" func="main.main()" file="main.go:28"
time="2021-12-22T18:09:00+10:00" level=info msg="run app one. addr: %v" func="main.main()" file="main.go:35"
time="2021-12-22T18:09:45+10:00" level=info msg="create router" func="main.main()" file="main.go:16"
time="2021-12-22T18:09:45+10:00" level=info msg="get config" func="main.main()" file="main.go:19"
time="2021-12-22T18:09:45+10:00" level=info msg="read application configuration" func="m31/internal/config.GetConfig.func1()" file="config.go:35"
time="2021-12-22T18:09:45+10:00" level=info msg="connection to mongodb" func="main.main()" file="main.go:22"
time="2021-12-22T18:09:45+10:00" level=info msg="create app" func="main.main()" file="main.go:28"
time="2021-12-22T18:09:45+10:00" level=info msg="run app" func="main.main()" file="main.go:35"
time="2021-12-22T18:10:24+10:00" level=info msg="create router" func="main.main()" file="main.go:16"
time="2021-12-22T18:10:24+10:00" level=info msg="get config" func="main.main()" file="main.go:19"
time="2021-12-22T18:10:24+10:00" level=info msg="read application configuration" func="m31/internal/config.GetConfig.func1()" file="config.go:35"
time="2021-12-22T18:10:24+10:00" level=info msg="connection to mongodb" func="main.main()" file="main.go:22"
time="2021-12-22T18:10:24+10:00" level=info msg="create app" func="main.main()" file="main.go:28"
time="2021-12-22T18:10:24+10:00" level=info msg="run app" func="main.main()" file="main.go:35"
time="2021-12-22T18:36:00+10:00" level=info msg="create router" func="main.main()" file="main.go:23"
time="2021-12-22T18:36:00+10:00" level=info msg="get config" func="main.main()" file="main.go:26"
time="2021-12-22T18:36:00+10:00" level=info msg="read application configuration" func="m31/internal/config.GetConfig.func1()" file="config.go:35"
time="2021-12-22T18:36:00+10:00" level=info msg="connection to mongodb" func="main.main()" file="main.go:29"
time="2021-12-22T18:36:01+10:00" level=info msg="create app" func="main.main()" file="main.go:35"
time="2021-12-22T18:36:01+10:00" level=info msg="run app" func="main.main()" file="main.go:42"
time="2021-12-22T18:36:01+10:00" level=info msg="server started: 127.0.0.1:1234" func="m31/internal/app.(*App).Serve()" file="app.go:53"
time="2021-12-22T18:36:06+10:00" level=info msg="system call:interrupt" func="main.main.func1()" file="main.go:45"
time="2021-12-22T18:36:06+10:00" level=info msg="server stopped" func="m31/internal/app.(*App).Serve()" file="app.go:57"
time="2021-12-22T18:36:06+10:00" level=info msg="server exited properly" func="m31/internal/app.(*App).Serve()" file="app.go:68"
time="2021-12-22T18:36:13+10:00" level=info msg="create router" func="main.main()" file="main.go:23"
time="2021-12-22T18:36:13+10:00" level=info msg="get config" func="main.main()" file="main.go:26"
time="2021-12-22T18:36:13+10:00" level=info msg="read application configuration" func="m31/internal/config.GetConfig.func1()" file="config.go:35"
time="2021-12-22T18:36:13+10:00" level=info msg="connection to mongodb" func="main.main()" file="main.go:29"
time="2021-12-22T18:36:13+10:00" level=info msg="create app" func="main.main()" file="main.go:35"
time="2021-12-22T18:36:13+10:00" level=info msg="run app" func="main.main()" file="main.go:42"
time="2021-12-22T18:36:13+10:00" level=info msg="server started: 127.0.0.1:1234" func="m31/internal/app.(*App).Serve()" file="app.go:53"
time="2021-12-22T18:36:25+10:00" level=info msg="create router" func="main.main()" file="main.go:23"
time="2021-12-22T18:36:25+10:00" level=info msg="get config" func="main.main()" file="main.go:26"
time="2021-12-22T18:36:25+10:00" level=info msg="read application configuration" func="m31/internal/config.GetConfig.func1()" file="config.go:35"
time="2021-12-22T18:36:25+10:00" level=info msg="connection to mongodb" func="main.main()" file="main.go:29"
time="2021-12-22T18:36:25+10:00" level=info msg="create app" func="main.main()" file="main.go:35"
time="2021-12-22T18:36:25+10:00" level=info msg="run app" func="main.main()" file="main.go:42"
time="2021-12-22T18:36:25+10:00" level=info msg="server started: 127.0.0.1:1234" func="m31/internal/app.(*App).Serve()" file="app.go:53"
time="2021-12-22T18:36:25+10:00" level=fatal msg="listen: listen tcp 127.0.0.1:1234: bind: address already in use\n" func="m31/internal/app.(*App).Serve.func1()" file="app.go:49"
time="2021-12-22T18:37:53+10:00" level=info msg="create router" func="main.main()" file="main.go:24"
time="2021-12-22T18:37:53+10:00" level=info msg="get config" func="main.main()" file="main.go:27"
time="2021-12-22T18:37:53+10:00" level=info msg="read application configuration" func="m31/internal/config.GetConfig.func1()" file="config.go:35"
time="2021-12-22T18:37:53+10:00" level=info msg="connection to mongodb" func="main.main()" file="main.go:30"
time="2021-12-22T18:37:53+10:00" level=info msg="create app" func="main.main()" file="main.go:36"
time="2021-12-22T18:37:53+10:00" level=info msg="run app" func="main.main()" file="main.go:43"
time="2021-12-22T18:37:53+10:00" level=info msg="server started: 127.0.0.1:1234" func="m31/internal/app.(*App).Serve()" file="app.go:53"
time="2021-12-22T18:37:53+10:00" level=fatal msg="listen: listen tcp 127.0.0.1:1234: bind: address already in use\n" func="m31/internal/app.(*App).Serve.func1()" file="app.go:49"
time="2021-12-22T18:38:22+10:00" level=info msg="create router" func="main.main()" file="main.go:24"
time="2021-12-22T18:38:22+10:00" level=info msg="get config" func="main.main()" file="main.go:27"
time="2021-12-22T18:38:22+10:00" level=info msg="read application configuration" func="m31/internal/config.GetConfig.func1()" file="config.go:35"
time="2021-12-22T18:38:22+10:00" level=info msg="connection to mongodb" func="main.main()" file="main.go:30"
time="2021-12-22T18:38:22+10:00" level=info msg="create app" func="main.main()" file="main.go:36"
time="2021-12-22T18:38:22+10:00" level=info msg="run app" func="main.main()" file="main.go:43"
time="2021-12-22T18:38:22+10:00" level=info msg="server started: 127.0.0.1:1235" func="m31/internal/app.(*App).Serve()" file="app.go:53"
time="2021-12-22T18:38:47+10:00" level=info msg="system call:interrupt" func="main.main.func1()" file="main.go:46"
time="2021-12-22T18:38:47+10:00" level=info msg="server stopped" func="m31/internal/app.(*App).Serve()" file="app.go:57"
time="2021-12-22T18:38:47+10:00" level=info msg="server exited properly" func="m31/internal/app.(*App).Serve()" file="app.go:68"
time="2021-12-22T18:44:17+10:00" level=info msg="create router" func="main.main()" file="main.go:28"
time="2021-12-22T18:44:17+10:00" level=info msg="get config" func="main.main()" file="main.go:31"
time="2021-12-22T18:44:17+10:00" level=info msg="read application configuration" func="m31/internal/config.GetConfig.func1()" file="config.go:35"
time="2021-12-22T18:44:17+10:00" level=info msg="connection to mongodb" func="main.main()" file="main.go:34"
time="2021-12-22T18:44:18+10:00" level=info msg="create app" func="main.main()" file="main.go:40"
time="2021-12-22T18:44:18+10:00" level=info msg="run app" func="main.main()" file="main.go:47"
time="2021-12-22T18:44:18+10:00" level=info msg="server started: 127.0.0.1:1235" func="m31/internal/app.(*App).Serve()" file="app.go:53"
time="2021-12-22T18:44:26+10:00" level=info msg="create router" func="main.main()" file="main.go:28"
time="2021-12-22T18:44:26+10:00" level=info msg="get config" func="main.main()" file="main.go:31"
time="2021-12-22T18:44:26+10:00" level=info msg="read application configuration" func="m31/internal/config.GetConfig.func1()" file="config.go:35"
time="2021-12-22T18:44:26+10:00" level=info msg="connection to mongodb" func="main.main()" file="main.go:34"
time="2021-12-22T18:44:26+10:00" level=info msg="create app" func="main.main()" file="main.go:40"
time="2021-12-22T18:44:26+10:00" level=info msg="run app" func="main.main()" file="main.go:47"
time="2021-12-22T18:44:26+10:00" level=info msg="server started: 127.0.0.1:1235" func="m31/internal/app.(*App).Serve()" file="app.go:53"
time="2021-12-22T18:44:26+10:00" level=fatal msg="listen: listen tcp 127.0.0.1:1235: bind: address already in use\n" func="m31/internal/app.(*App).Serve.func1()" file="app.go:49"
time="2021-12-22T18:44:42+10:00" level=info msg="create router" func="main.main()" file="main.go:28"
time="2021-12-22T18:44:42+10:00" level=info msg="get config" func="main.main()" file="main.go:31"
time="2021-12-22T18:44:42+10:00" level=info msg="read application configuration" func="m31/internal/config.GetConfig.func1()" file="config.go:35"
time="2021-12-22T18:44:42+10:00" level=info msg="connection to mongodb" func="main.main()" file="main.go:34"
time="2021-12-22T18:44:43+10:00" level=info msg="create app" func="main.main()" file="main.go:40"
time="2021-12-22T18:44:43+10:00" level=info msg="run app" func="main.main()" file="main.go:47"
time="2021-12-22T18:44:43+10:00" level=info msg="server started: 127.0.0.1:1234" func="m31/internal/app.(*App).Serve()" file="app.go:53"
time="2021-12-22T18:44:43+10:00" level=fatal msg="listen: listen tcp 127.0.0.1:1234: bind: address already in use\n" func="m31/internal/app.(*App).Serve.func1()" file="app.go:49"
time="2021-12-22T18:44:53+10:00" level=info msg="create router" func="main.main()" file="main.go:28"
time="2021-12-22T18:44:53+10:00" level=info msg="get config" func="main.main()" file="main.go:31"
time="2021-12-22T18:44:53+10:00" level=info msg="read application configuration" func="m31/internal/config.GetConfig.func1()" file="config.go:35"
time="2021-12-22T18:44:53+10:00" level=info msg="connection to mongodb" func="main.main()" file="main.go:34"
time="2021-12-22T18:44:53+10:00" level=info msg="create app" func="main.main()" file="main.go:40"
time="2021-12-22T18:44:53+10:00" level=info msg="run app" func="main.main()" file="main.go:47"
time="2021-12-22T18:44:53+10:00" level=info msg="server started: 127.0.0.1:1236" func="m31/internal/app.(*App).Serve()" file="app.go:53"
time="2021-12-22T18:44:56+10:00" level=info msg="system call:interrupt" func="main.main.func1()" file="main.go:50"
time="2021-12-22T18:44:56+10:00" level=info msg="server stopped" func="m31/internal/app.(*App).Serve()" file="app.go:57"
time="2021-12-22T18:44:56+10:00" level=info msg="server exited properly" func="m31/internal/app.(*App).Serve()" file="app.go:68"
time="2021-12-22T18:51:26+10:00" level=info msg="create router" func="main.main()" file="main.go:25"
time="2021-12-22T18:51:26+10:00" level=info msg="get config" func="main.main()" file="main.go:28"
time="2021-12-22T18:51:26+10:00" level=info msg="read application configuration" func="m31/internal/config.GetConfig.func1()" file="config.go:35"
time="2021-12-22T18:51:26+10:00" level=info msg="connection to mongodb" func="main.main()" file="main.go:31"
time="2021-12-22T18:51:26+10:00" level=info msg="create app" func="main.main()" file="main.go:37"
time="2021-12-22T18:51:26+10:00" level=info msg="run app" func="main.main()" file="main.go:44"
time="2021-12-22T18:51:26+10:00" level=info msg="app started: 127.0.0.1:1236" func="m31/internal/app.(*App).Serve()" file="app.go:53"
time="2021-12-22T18:51:33+10:00" level=info msg="system call:interrupt" func="main.main.func1()" file="main.go:47"
time="2021-12-22T18:51:33+10:00" level=info msg="app stopped" func="m31/internal/app.(*App).Serve()" file="app.go:57"
time="2021-12-22T18:51:33+10:00" level=info msg="app exited properly" func="m31/internal/app.(*App).Serve()" file="app.go:68"
time="2021-12-22T18:53:36+10:00" level=info msg="create router" func="main.main()" file="main.go:25"
time="2021-12-22T18:53:36+10:00" level=info msg="get config" func="main.main()" file="main.go:28"
time="2021-12-22T18:53:36+10:00" level=info msg="read application configuration" func="m31/internal/config.GetConfig.func1()" file="config.go:35"
time="2021-12-22T18:53:36+10:00" level=info msg="connection to mongodb" func="main.main()" file="main.go:31"
time="2021-12-22T18:53:36+10:00" level=info msg="create app" func="main.main()" file="main.go:37"
time="2021-12-22T18:53:36+10:00" level=info msg="run app" func="main.main()" file="main.go:44"
time="2021-12-22T18:53:36+10:00" level=info msg="app started: 127.0.0.1:1234" func="m31/internal/app.(*App).Serve()" file="app.go:53"
time="2021-12-22T18:53:36+10:00" level=fatal msg="listen: listen tcp 127.0.0.1:1234: bind: address already in use\n" func="m31/internal/app.(*App).Serve.func1()" file="app.go:49"
time="2021-12-22T18:55:20+10:00" level=info msg="create router" func="main.main()" file="main.go:25"
time="2021-12-22T18:55:20+10:00" level=info msg="get config" func="main.main()" file="main.go:28"
time="2021-12-22T18:55:20+10:00" level=info msg="read application configuration" func="m31/internal/config.GetConfig.func1()" file="config.go:35"
time="2021-12-22T18:55:20+10:00" level=info msg="connection to mongodb" func="main.main()" file="main.go:31"
time="2021-12-22T18:55:21+10:00" level=info msg="create app" func="main.main()" file="main.go:37"
time="2021-12-22T18:55:21+10:00" level=info msg="run app" func="main.main()" file="main.go:44"
time="2021-12-22T18:55:21+10:00" level=info msg="app started: 127.0.0.1:1234" func="m31/internal/app.(*App).Serve()" file="app.go:53"
time="2021-12-22T18:55:35+10:00" level=info msg="system call:interrupt" func="main.main.func1()" file="main.go:47"
time="2021-12-22T18:55:35+10:00" level=info msg="app stopped" func="m31/internal/app.(*App).Serve()" file="app.go:57"
time="2021-12-22T18:55:35+10:00" level=info msg="app exited properly" func="m31/internal/app.(*App).Serve()" file="app.go:68"
